This file contains any messages produced by compilers while
running configure, to aid debugging if configure makes a mistake.

It was created by FULL-PACKAGE-NAME configure VERSION, which was
generated by GNU Autoconf 2.69.  Invocation command line was

  $ ./configure --no-create --no-recursion

## --------- ##
## Platform. ##
## --------- ##

hostname = ubuntu
uname -m = i686
uname -r = 3.5.0-17-generic
uname -s = Linux
uname -v = #28-Ubuntu SMP Tue Oct 9 19:32:08 UTC 2012

/usr/bin/uname -p = unknown
/bin/uname -X     = unknown

/bin/arch              = unknown
/usr/bin/arch -k       = unknown
/usr/convex/getsysinfo = unknown
/usr/bin/hostinfo      = unknown
/bin/machine           = unknown
/usr/bin/oslevel       = unknown
/bin/universe          = unknown

PATH: /usr/lib/lightdm/lightdm
PATH: /usr/local/sbin
PATH: /usr/local/bin
PATH: /usr/sbin
PATH: /usr/bin
PATH: /sbin
PATH: /bin
PATH: /usr/games
PATH: /usr/local/games


## ----------- ##
## Core tests. ##
## ----------- ##

configure:2292: checking for a BSD-compatible install
configure:2360: result: /usr/bin/install -c
configure:2371: checking whether build environment is sane
configure:2421: result: yes
configure:2562: checking for a thread-safe mkdir -p
configure:2601: result: /bin/mkdir -p
configure:2614: checking for gawk
configure:2644: result: no
configure:2614: checking for mawk
configure:2630: found /usr/bin/mawk
configure:2641: result: mawk
configure:2652: checking whether make sets $(MAKE)
configure:2674: result: yes
configure:2783: checking build system type
configure:2797: result: i686-pc-linux-gnu
configure:2817: checking host system type
configure:2830: result: i686-pc-linux-gnu
configure:2871: checking how to print strings
configure:2898: result: printf
configure:2931: checking for style of include used by make
configure:2959: result: GNU
configure:3030: checking for gcc
configure:3046: found /usr/bin/gcc
configure:3057: result: gcc
configure:3286: checking for C compiler version
configure:3295: gcc --version >&5
gcc (Ubuntu/Linaro 4.7.2-2ubuntu1) 4.7.2
Copyright (C) 2012 Free Software Foundation, Inc.
This is free software; see the source for copying conditions.  There is NO
warranty; not even for MERCHANTABILITY or FITNESS FOR A PARTICULAR PURPOSE.

configure:3306: $? = 0
configure:3295: gcc -v >&5
Using built-in specs.
COLLECT_GCC=gcc
COLLECT_LTO_WRAPPER=/usr/lib/gcc/i686-linux-gnu/4.7/lto-wrapper
Target: i686-linux-gnu
Configured with: ../src/configure -v --with-pkgversion='Ubuntu/Linaro 4.7.2-2ubuntu1' --with-bugurl=file:///usr/share/doc/gcc-4.7/README.Bugs --enable-languages=c,c++,go,fortran,objc,obj-c++ --prefix=/usr --program-suffix=-4.7 --enable-shared --enable-linker-build-id --with-system-zlib --libexecdir=/usr/lib --without-included-gettext --enable-threads=posix --with-gxx-include-dir=/usr/include/c++/4.7 --libdir=/usr/lib --enable-nls --with-sysroot=/ --enable-clocale=gnu --enable-libstdcxx-debug --enable-libstdcxx-time=yes --enable-gnu-unique-object --enable-plugin --enable-objc-gc --enable-targets=all --disable-werror --with-arch-32=i686 --with-tune=generic --enable-checking=release --build=i686-linux-gnu --host=i686-linux-gnu --target=i686-linux-gnu
Thread model: posix
gcc version 4.7.2 (Ubuntu/Linaro 4.7.2-2ubuntu1) 
configure:3306: $? = 0
configure:3295: gcc -V >&5
gcc: error: unrecognized command line option '-V'
gcc: fatal error: no input files
compilation terminated.
configure:3306: $? = 4
configure:3295: gcc -qversion >&5
gcc: error: unrecognized command line option '-qversion'
gcc: fatal error: no input files
compilation terminated.
configure:3306: $? = 4
configure:3326: checking whether the C compiler works
configure:3348: gcc    conftest.c  >&5
configure:3352: $? = 0
configure:3400: result: yes
configure:3403: checking for C compiler default output file name
configure:3405: result: a.out
configure:3411: checking for suffix of executables
configure:3418: gcc -o conftest    conftest.c  >&5
configure:3422: $? = 0
configure:3444: result: 
configure:3466: checking whether we are cross compiling
configure:3474: gcc -o conftest    conftest.c  >&5
configure:3478: $? = 0
configure:3485: ./conftest
configure:3489: $? = 0
configure:3504: result: no
configure:3509: checking for suffix of object files
configure:3531: gcc -c   conftest.c >&5
configure:3535: $? = 0
configure:3556: result: o
configure:3560: checking whether we are using the GNU C compiler
configure:3579: gcc -c   conftest.c >&5
configure:3579: $? = 0
configure:3588: result: yes
configure:3597: checking whether gcc accepts -g
configure:3617: gcc -c -g  conftest.c >&5
configure:3617: $? = 0
configure:3658: result: yes
configure:3675: checking for gcc option to accept ISO C89
configure:3738: gcc  -c -g -O2  conftest.c >&5
configure:3738: $? = 0
configure:3751: result: none needed
configure:3773: checking dependency style of gcc
configure:3884: result: gcc3
configure:3899: checking for a sed that does not truncate output
configure:3963: result: /bin/sed
configure:3981: checking for grep that handles long lines and -e
configure:4039: result: /bin/grep
configure:4044: checking for egrep
configure:4106: result: /bin/grep -E
configure:4111: checking for fgrep
configure:4173: result: /bin/grep -F
configure:4208: checking for ld used by gcc
configure:4275: result: /usr/bin/ld
configure:4282: checking if the linker (/usr/bin/ld) is GNU ld
configure:4297: result: yes
configure:4309: checking for BSD- or MS-compatible name lister (nm)
configure:4358: result: /usr/bin/nm -B
configure:4488: checking the name lister (/usr/bin/nm -B) interface
configure:4495: gcc -c -g -O2  conftest.c >&5
configure:4498: /usr/bin/nm -B "conftest.o"
configure:4501: output
00000000 B some_variable
configure:4508: result: BSD nm
configure:4511: checking whether ln -s works
configure:4515: result: yes
configure:4523: checking the maximum length of command line arguments
configure:4653: result: 1572864
configure:4670: checking whether the shell understands some XSI constructs
configure:4680: result: yes
configure:4684: checking whether the shell understands "+="
configure:4690: result: yes
configure:4725: checking how to convert i686-pc-linux-gnu file names to i686-pc-linux-gnu format
configure:4765: result: func_convert_file_noop
configure:4772: checking how to convert i686-pc-linux-gnu file names to toolchain format
configure:4792: result: func_convert_file_noop
configure:4799: checking for /usr/bin/ld option to reload object files
configure:4806: result: -r
configure:4880: checking for objdump
configure:4896: found /usr/bin/objdump
configure:4907: result: objdump
configure:4939: checking how to recognize dependent libraries
configure:5141: result: pass_all
configure:5226: checking for dlltool
configure:5256: result: no
configure:5286: checking how to associate runtime and link libraries
configure:5313: result: printf %s\n
configure:5374: checking for ar
configure:5390: found /usr/bin/ar
configure:5401: result: ar
configure:5438: checking for archiver @FILE support
configure:5455: gcc -c -g -O2  conftest.c >&5
configure:5455: $? = 0
configure:5458: ar cru libconftest.a @conftest.lst >&5
configure:5461: $? = 0
configure:5466: ar cru libconftest.a @conftest.lst >&5
ar: conftest.o: No such file or directory
configure:5469: $? = 1
configure:5481: result: @
configure:5539: checking for strip
configure:5555: found /usr/bin/strip
configure:5566: result: strip
configure:5638: checking for ranlib
configure:5654: found /usr/bin/ranlib
configure:5665: result: ranlib
configure:5767: checking command to parse /usr/bin/nm -B output from gcc object
configure:5887: gcc -c -g -O2  conftest.c >&5
configure:5890: $? = 0
configure:5894: /usr/bin/nm -B conftest.o \| sed -n -e 's/^.*[ ]\([ABCDGIRSTW][ABCDGIRSTW]*\)[ ][ ]*\([_A-Za-z][_A-Za-z0-9]*\)$/\1 \2 \2/p' | sed '/ __gnu_lto/d' \> conftest.nm
configure:5897: $? = 0
configure:5963: gcc -o conftest -g -O2   conftest.c conftstm.o >&5
configure:5966: $? = 0
configure:6004: result: ok
configure:6041: checking for sysroot
configure:6071: result: no
configure:6327: checking for mt
configure:6343: found /bin/mt
configure:6354: result: mt
configure:6377: checking if mt is a manifest tool
configure:6383: mt '-?'
configure:6391: result: no
configure:7033: checking how to run the C preprocessor
configure:7064: gcc -E  conftest.c
configure:7064: $? = 0
configure:7078: gcc -E  conftest.c
conftest.c:11:28: fatal error: ac_nonexistent.h: No such file or directory
compilation terminated.
configure:7078: $? = 1
configure: failed program was:
| /* confdefs.h */
| #define PACKAGE_NAME "FULL-PACKAGE-NAME"
| #define PACKAGE_TARNAME "full-package-name"
| #define PACKAGE_VERSION "VERSION"
| #define PACKAGE_STRING "FULL-PACKAGE-NAME VERSION"
| #define PACKAGE_BUGREPORT "BUG-REPORT-ADDRESS"
| #define PACKAGE_URL ""
| #define PACKAGE "full-package-name"
| #define VERSION "VERSION"
| /* end confdefs.h.  */
| #include <ac_nonexistent.h>
configure:7103: result: gcc -E
configure:7123: gcc -E  conftest.c
configure:7123: $? = 0
configure:7137: gcc -E  conftest.c
conftest.c:11:28: fatal error: ac_nonexistent.h: No such file or directory
compilation terminated.
configure:7137: $? = 1
configure: failed program was:
| /* confdefs.h */
| #define PACKAGE_NAME "FULL-PACKAGE-NAME"
| #define PACKAGE_TARNAME "full-package-name"
| #define PACKAGE_VERSION "VERSION"
| #define PACKAGE_STRING "FULL-PACKAGE-NAME VERSION"
| #define PACKAGE_BUGREPORT "BUG-REPORT-ADDRESS"
| #define PACKAGE_URL ""
| #define PACKAGE "full-package-name"
| #define VERSION "VERSION"
| /* end confdefs.h.  */
| #include <ac_nonexistent.h>
configure:7166: checking for ANSI C header files
configure:7186: gcc -c -g -O2  conftest.c >&5
configure:7186: $? = 0
configure:7259: gcc -o conftest -g -O2   conftest.c  >&5
configure:7259: $? = 0
configure:7259: ./conftest
configure:7259: $? = 0
configure:7270: result: yes
configure:7283: checking for sys/types.h
configure:7283: gcc -c -g -O2  conftest.c >&5
configure:7283: $? = 0
configure:7283: result: yes
configure:7283: checking for sys/stat.h
configure:7283: gcc -c -g -O2  conftest.c >&5
configure:7283: $? = 0
configure:7283: result: yes
configure:7283: checking for stdlib.h
configure:7283: gcc -c -g -O2  conftest.c >&5
configure:7283: $? = 0
configure:7283: result: yes
configure:7283: checking for string.h
configure:7283: gcc -c -g -O2  conftest.c >&5
configure:7283: $? = 0
configure:7283: result: yes
configure:7283: checking for memory.h
configure:7283: gcc -c -g -O2  conftest.c >&5
configure:7283: $? = 0
configure:7283: result: yes
configure:7283: checking for strings.h
configure:7283: gcc -c -g -O2  conftest.c >&5
configure:7283: $? = 0
configure:7283: result: yes
configure:7283: checking for inttypes.h
configure:7283: gcc -c -g -O2  conftest.c >&5
configure:7283: $? = 0
configure:7283: result: yes
configure:7283: checking for stdint.h
configure:7283: gcc -c -g -O2  conftest.c >&5
configure:7283: $? = 0
configure:7283: result: yes
configure:7283: checking for unistd.h
configure:7283: gcc -c -g -O2  conftest.c >&5
configure:7283: $? = 0
configure:7283: result: yes
configure:7297: checking for dlfcn.h
configure:7297: gcc -c -g -O2  conftest.c >&5
configure:7297: $? = 0
configure:7297: result: yes
configure:7503: checking for objdir
configure:7518: result: .libs
configure:7789: checking if gcc supports -fno-rtti -fno-exceptions
configure:7807: gcc -c -g -O2  -fno-rtti -fno-exceptions conftest.c >&5
cc1: warning: command line option '-fno-rtti' is valid for C++/ObjC++ but not for C [enabled by default]
configure:7811: $? = 0
configure:7824: result: no
configure:8151: checking for gcc option to produce PIC
configure:8158: result: -fPIC -DPIC
configure:8166: checking if gcc PIC flag -fPIC -DPIC works
configure:8184: gcc -c -g -O2  -fPIC -DPIC -DPIC conftest.c >&5
configure:8188: $? = 0
configure:8201: result: yes
configure:8230: checking if gcc static flag -static works
configure:8258: result: yes
configure:8273: checking if gcc supports -c -o file.o
configure:8294: gcc -c -g -O2  -o out/conftest2.o conftest.c >&5
configure:8298: $? = 0
configure:8320: result: yes
configure:8328: checking if gcc supports -c -o file.o
configure:8375: result: yes
configure:8408: checking whether the gcc linker (/usr/bin/ld) supports shared libraries
configure:9565: result: yes
configure:9602: checking whether -lc should be explicitly linked in
configure:9610: gcc -c -g -O2  conftest.c >&5
configure:9613: $? = 0
configure:9628: gcc -shared  -fPIC -DPIC conftest.o  -v -Wl,-soname -Wl,conftest -o conftest 2\>\&1 \| /bin/grep  -lc  \>/dev/null 2\>\&1
configure:9631: $? = 0
configure:9645: result: no
configure:9805: checking dynamic linker characteristics
configure:10316: gcc -o conftest -g -O2   -Wl,-rpath -Wl,/foo conftest.c  >&5
configure:10316: $? = 0
configure:10550: result: GNU/Linux ld.so
configure:10657: checking how to hardcode library paths into programs
configure:10682: result: immediate
configure:11222: checking whether stripping libraries is possible
configure:11227: result: yes
configure:11262: checking if libtool supports shared libraries
configure:11264: result: yes
configure:11267: checking whether to build shared libraries
configure:11288: result: yes
configure:11291: checking whether to build static libraries
configure:11295: result: yes
configure:11392: checking for g++
configure:11408: found /usr/bin/g++
configure:11419: result: g++
configure:11446: checking for C++ compiler version
configure:11455: g++ --version >&5
g++ (Ubuntu/Linaro 4.7.2-2ubuntu1) 4.7.2
Copyright (C) 2012 Free Software Foundation, Inc.
This is free software; see the source for copying conditions.  There is NO
warranty; not even for MERCHANTABILITY or FITNESS FOR A PARTICULAR PURPOSE.

configure:11466: $? = 0
configure:11455: g++ -v >&5
Using built-in specs.
COLLECT_GCC=g++
COLLECT_LTO_WRAPPER=/usr/lib/gcc/i686-linux-gnu/4.7/lto-wrapper
Target: i686-linux-gnu
Configured with: ../src/configure -v --with-pkgversion='Ubuntu/Linaro 4.7.2-2ubuntu1' --with-bugurl=file:///usr/share/doc/gcc-4.7/README.Bugs --enable-languages=c,c++,go,fortran,objc,obj-c++ --prefix=/usr --program-suffix=-4.7 --enable-shared --enable-linker-build-id --with-system-zlib --libexecdir=/usr/lib --without-included-gettext --enable-threads=posix --with-gxx-include-dir=/usr/include/c++/4.7 --libdir=/usr/lib --enable-nls --with-sysroot=/ --enable-clocale=gnu --enable-libstdcxx-debug --enable-libstdcxx-time=yes --enable-gnu-unique-object --enable-plugin --enable-objc-gc --enable-targets=all --disable-werror --with-arch-32=i686 --with-tune=generic --enable-checking=release --build=i686-linux-gnu --host=i686-linux-gnu --target=i686-linux-gnu
Thread model: posix
gcc version 4.7.2 (Ubuntu/Linaro 4.7.2-2ubuntu1) 
configure:11466: $? = 0
configure:11455: g++ -V >&5
g++: error: unrecognized command line option '-V'
g++: fatal error: no input files
compilation terminated.
configure:11466: $? = 4
configure:11455: g++ -qversion >&5
g++: error: unrecognized command line option '-qversion'
g++: fatal error: no input files
compilation terminated.
configure:11466: $? = 4
configure:11470: checking whether we are using the GNU C++ compiler
configure:11489: g++ -c   conftest.cpp >&5
configure:11489: $? = 0
configure:11498: result: yes
configure:11507: checking whether g++ accepts -g
configure:11527: g++ -c -g  conftest.cpp >&5
configure:11527: $? = 0
configure:11568: result: yes
configure:11593: checking dependency style of g++
configure:11704: result: gcc3
configure:11737: checking how to run the C++ preprocessor
configure:11764: g++ -E  conftest.cpp
configure:11764: $? = 0
configure:11778: g++ -E  conftest.cpp
conftest.cpp:23:28: fatal error: ac_nonexistent.h: No such file or directory
compilation terminated.
configure:11778: $? = 1
configure: failed program was:
| /* confdefs.h */
| #define PACKAGE_NAME "FULL-PACKAGE-NAME"
| #define PACKAGE_TARNAME "full-package-name"
| #define PACKAGE_VERSION "VERSION"
| #define PACKAGE_STRING "FULL-PACKAGE-NAME VERSION"
| #define PACKAGE_BUGREPORT "BUG-REPORT-ADDRESS"
| #define PACKAGE_URL ""
| #define PACKAGE "full-package-name"
| #define VERSION "VERSION"
| #define STDC_HEADERS 1
| #define HAVE_SYS_TYPES_H 1
| #define HAVE_SYS_STAT_H 1
| #define HAVE_STDLIB_H 1
| #define HAVE_STRING_H 1
| #define HAVE_MEMORY_H 1
| #define HAVE_STRINGS_H 1
| #define HAVE_INTTYPES_H 1
| #define HAVE_STDINT_H 1
| #define HAVE_UNISTD_H 1
| #define HAVE_DLFCN_H 1
| #define LT_OBJDIR ".libs/"
| /* end confdefs.h.  */
| #include <ac_nonexistent.h>
configure:11803: result: g++ -E
configure:11823: g++ -E  conftest.cpp
configure:11823: $? = 0
configure:11837: g++ -E  conftest.cpp
conftest.cpp:23:28: fatal error: ac_nonexistent.h: No such file or directory
compilation terminated.
configure:11837: $? = 1
configure: failed program was:
| /* confdefs.h */
| #define PACKAGE_NAME "FULL-PACKAGE-NAME"
| #define PACKAGE_TARNAME "full-package-name"
| #define PACKAGE_VERSION "VERSION"
| #define PACKAGE_STRING "FULL-PACKAGE-NAME VERSION"
| #define PACKAGE_BUGREPORT "BUG-REPORT-ADDRESS"
| #define PACKAGE_URL ""
| #define PACKAGE "full-package-name"
| #define VERSION "VERSION"
| #define STDC_HEADERS 1
| #define HAVE_SYS_TYPES_H 1
| #define HAVE_SYS_STAT_H 1
| #define HAVE_STDLIB_H 1
| #define HAVE_STRING_H 1
| #define HAVE_MEMORY_H 1
| #define HAVE_STRINGS_H 1
| #define HAVE_INTTYPES_H 1
| #define HAVE_STDINT_H 1
| #define HAVE_UNISTD_H 1
| #define HAVE_DLFCN_H 1
| #define LT_OBJDIR ".libs/"
| /* end confdefs.h.  */
| #include <ac_nonexistent.h>
configure:12006: checking for ld used by g++
configure:12073: result: /usr/bin/ld
configure:12080: checking if the linker (/usr/bin/ld) is GNU ld
configure:12095: result: yes
configure:12150: checking whether the g++ linker (/usr/bin/ld) supports shared libraries
configure:13155: result: yes
configure:13191: g++ -c -g -O2  conftest.cpp >&5
configure:13194: $? = 0
configure:13714: checking for g++ option to produce PIC
configure:13721: result: -fPIC -DPIC
configure:13729: checking if g++ PIC flag -fPIC -DPIC works
configure:13747: g++ -c -g -O2  -fPIC -DPIC -DPIC conftest.cpp >&5
configure:13751: $? = 0
configure:13764: result: yes
configure:13787: checking if g++ static flag -static works
configure:13815: result: yes
configure:13827: checking if g++ supports -c -o file.o
configure:13848: g++ -c -g -O2  -o out/conftest2.o conftest.cpp >&5
configure:13852: $? = 0
configure:13874: result: yes
configure:13879: checking if g++ supports -c -o file.o
configure:13926: result: yes
configure:13956: checking whether the g++ linker (/usr/bin/ld) supports shared libraries
configure:13995: result: yes
configure:14136: checking dynamic linker characteristics
configure:14815: result: GNU/Linux ld.so
configure:14868: checking how to hardcode library paths into programs
configure:14893: result: immediate
configure:15083: creating ./config.status

## ---------------- ##
## Cache variables. ##
## ---------------- ##

ac_cv_build=i686-pc-linux-gnu
ac_cv_c_compiler_gnu=yes
ac_cv_cxx_compiler_gnu=yes
ac_cv_env_CCC_set=
ac_cv_env_CCC_value=
ac_cv_env_CC_set=
ac_cv_env_CC_value=
ac_cv_env_CFLAGS_set=
ac_cv_env_CFLAGS_value=
ac_cv_env_CPPFLAGS_set=
ac_cv_env_CPPFLAGS_value=
ac_cv_env_CPP_set=
ac_cv_env_CPP_value=
ac_cv_env_CXXCPP_set=
ac_cv_env_CXXCPP_value=
ac_cv_env_CXXFLAGS_set=
ac_cv_env_CXXFLAGS_value=
ac_cv_env_CXX_set=
ac_cv_env_CXX_value=
ac_cv_env_LDFLAGS_set=
ac_cv_env_LDFLAGS_value=
ac_cv_env_LIBS_set=
ac_cv_env_LIBS_value=
ac_cv_env_build_alias_set=
ac_cv_env_build_alias_value=
ac_cv_env_host_alias_set=
ac_cv_env_host_alias_value=
ac_cv_env_target_alias_set=
ac_cv_env_target_alias_value=
ac_cv_header_dlfcn_h=yes
ac_cv_header_inttypes_h=yes
ac_cv_header_memory_h=yes
ac_cv_header_stdc=yes
ac_cv_header_stdint_h=yes
ac_cv_header_stdlib_h=yes
ac_cv_header_string_h=yes
ac_cv_header_strings_h=yes
ac_cv_header_sys_stat_h=yes
ac_cv_header_sys_types_h=yes
ac_cv_header_unistd_h=yes
ac_cv_host=i686-pc-linux-gnu
ac_cv_objext=o
ac_cv_path_EGREP='/bin/grep -E'
ac_cv_path_FGREP='/bin/grep -F'
ac_cv_path_GREP=/bin/grep
ac_cv_path_SED=/bin/sed
ac_cv_path_install='/usr/bin/install -c'
ac_cv_path_mkdir=/bin/mkdir
ac_cv_prog_AWK=mawk
ac_cv_prog_CPP='gcc -E'
ac_cv_prog_CXXCPP='g++ -E'
ac_cv_prog_ac_ct_AR=ar
ac_cv_prog_ac_ct_CC=gcc
ac_cv_prog_ac_ct_CXX=g++
ac_cv_prog_ac_ct_MANIFEST_TOOL=mt
ac_cv_prog_ac_ct_OBJDUMP=objdump
ac_cv_prog_ac_ct_RANLIB=ranlib
ac_cv_prog_ac_ct_STRIP=strip
ac_cv_prog_cc_c89=
ac_cv_prog_cc_g=yes
ac_cv_prog_cxx_g=yes
ac_cv_prog_make_make_set=yes
am_cv_CC_dependencies_compiler_type=gcc3
am_cv_CXX_dependencies_compiler_type=gcc3
lt_cv_ar_at_file=@
lt_cv_archive_cmds_need_lc=no
lt_cv_deplibs_check_method=pass_all
lt_cv_file_magic_cmd='$MAGIC_CMD'
lt_cv_file_magic_test_file=
lt_cv_ld_reload_flag=-r
lt_cv_nm_interface='BSD nm'
lt_cv_objdir=.libs
lt_cv_path_LD=/usr/bin/ld
lt_cv_path_LDCXX=/usr/bin/ld
lt_cv_path_NM='/usr/bin/nm -B'
lt_cv_path_mainfest_tool=no
lt_cv_prog_compiler_c_o=yes
lt_cv_prog_compiler_c_o_CXX=yes
lt_cv_prog_compiler_pic='-fPIC -DPIC'
lt_cv_prog_compiler_pic_CXX='-fPIC -DPIC'
lt_cv_prog_compiler_pic_works=yes
lt_cv_prog_compiler_pic_works_CXX=yes
lt_cv_prog_compiler_rtti_exceptions=no
lt_cv_prog_compiler_static_works=yes
lt_cv_prog_compiler_static_works_CXX=yes
lt_cv_prog_gnu_ld=yes
lt_cv_prog_gnu_ldcxx=yes
lt_cv_sharedlib_from_linklib_cmd='printf %s\n'
lt_cv_shlibpath_overrides_runpath=no
lt_cv_sys_global_symbol_pipe='sed -n -e '\''s/^.*[	 ]\([ABCDGIRSTW][ABCDGIRSTW]*\)[	 ][	 ]*\([_A-Za-z][_A-Za-z0-9]*\)$/\1 \2 \2/p'\'' | sed '\''/ __gnu_lto/d'\'''
lt_cv_sys_global_symbol_to_c_name_address='sed -n -e '\''s/^: \([^ ]*\)[ ]*$/  {\"\1\", (void *) 0},/p'\'' -e '\''s/^[ABCDGIRSTW]* \([^ ]*\) \([^ ]*\)$/  {"\2", (void *) \&\2},/p'\'''
lt_cv_sys_global_symbol_to_c_name_address_lib_prefix='sed -n -e '\''s/^: \([^ ]*\)[ ]*$/  {\"\1\", (void *) 0},/p'\'' -e '\''s/^[ABCDGIRSTW]* \([^ ]*\) \(lib[^ ]*\)$/  {"\2", (void *) \&\2},/p'\'' -e '\''s/^[ABCDGIRSTW]* \([^ ]*\) \([^ ]*\)$/  {"lib\2", (void *) \&\2},/p'\'''
lt_cv_sys_global_symbol_to_cdecl='sed -n -e '\''s/^T .* \(.*\)$/extern int \1();/p'\'' -e '\''s/^[ABCDGIRSTW]* .* \(.*\)$/extern char \1;/p'\'''
lt_cv_sys_max_cmd_len=1572864
lt_cv_to_host_file_cmd=func_convert_file_noop
lt_cv_to_tool_file_cmd=func_convert_file_noop

## ----------------- ##
## Output variables. ##
## ----------------- ##

ACLOCAL='${SHELL} /home/ubuntu/code/autotools/templates/templates/recursive_output_directory/missing --run aclocal-1.11'
AMDEPBACKSLASH='\'
AMDEP_FALSE='#'
AMDEP_TRUE=''
AMTAR='$${TAR-tar}'
AR='ar'
AUTOCONF='${SHELL} /home/ubuntu/code/autotools/templates/templates/recursive_output_directory/missing --run autoconf'
AUTOHEADER='${SHELL} /home/ubuntu/code/autotools/templates/templates/recursive_output_directory/missing --run autoheader'
AUTOMAKE='${SHELL} /home/ubuntu/code/autotools/templates/templates/recursive_output_directory/missing --run automake-1.11'
AWK='mawk'
CC='gcc'
CCDEPMODE='depmode=gcc3'
CFLAGS='-g -O2'
CPP='gcc -E'
CPPFLAGS=''
CXX='g++'
CXXCPP='g++ -E'
CXXDEPMODE='depmode=gcc3'
CXXFLAGS='-g -O2'
CYGPATH_W='echo'
DEFS='-DHAVE_CONFIG_H'
DEPDIR='.deps'
DLLTOOL='false'
DSYMUTIL=''
DUMPBIN=''
ECHO_C=''
ECHO_N='-n'
ECHO_T=''
EGREP='/bin/grep -E'
EXEEXT=''
FGREP='/bin/grep -F'
GREP='/bin/grep'
INSTALL_DATA='${INSTALL} -m 644'
INSTALL_PROGRAM='${INSTALL}'
INSTALL_SCRIPT='${INSTALL}'
INSTALL_STRIP_PROGRAM='$(install_sh) -c -s'
LD='/usr/bin/ld'
LDFLAGS=''
LIBOBJS=''
LIBS=''
LIBTOOL='$(SHELL) $(top_builddir)/libtool'
LIPO=''
LN_S='ln -s'
LTLIBOBJS=''
MAKEINFO='${SHELL} /home/ubuntu/code/autotools/templates/templates/recursive_output_directory/missing --run makeinfo'
MANIFEST_TOOL=':'
MKDIR_P='/bin/mkdir -p'
NM='/usr/bin/nm -B'
NMEDIT=''
OBJDUMP='objdump'
OBJEXT='o'
OTOOL64=''
OTOOL=''
OUTPUT_DIR='/home/ubuntu/code/autotools/templates/templates/recursive_output_directory/output'
PACKAGE='full-package-name'
PACKAGE_BUGREPORT='BUG-REPORT-ADDRESS'
PACKAGE_NAME='FULL-PACKAGE-NAME'
PACKAGE_STRING='FULL-PACKAGE-NAME VERSION'
PACKAGE_TARNAME='full-package-name'
PACKAGE_URL=''
PACKAGE_VERSION='VERSION'
PATH_SEPARATOR=':'
RANLIB='ranlib'
SED='/bin/sed'
SET_MAKE=''
SHELL='/bin/bash'
SOLUTION_DIR='/home/ubuntu/code/autotools/templates/templates/recursive_output_directory'
STRIP='strip'
VERSION='VERSION'
ac_ct_AR='ar'
ac_ct_CC='gcc'
ac_ct_CXX='g++'
ac_ct_DUMPBIN=''
am__EXEEXT_FALSE=''
am__EXEEXT_TRUE='#'
am__fastdepCC_FALSE='#'
am__fastdepCC_TRUE=''
am__fastdepCXX_FALSE='#'
am__fastdepCXX_TRUE=''
am__include='include'
am__isrc=''
am__leading_dot='.'
am__nodep='_no'
am__quote=''
am__tar='$${TAR-tar} chof - "$$tardir"'
am__untar='$${TAR-tar} xf -'
bindir='${exec_prefix}/bin'
build='i686-pc-linux-gnu'
build_alias=''
build_cpu='i686'
build_os='linux-gnu'
build_vendor='pc'
datadir='${datarootdir}'
datarootdir='${prefix}/share'
docdir='${datarootdir}/doc/${PACKAGE_TARNAME}'
dvidir='${docdir}'
exec_prefix='${prefix}'
host='i686-pc-linux-gnu'
host_alias=''
host_cpu='i686'
host_os='linux-gnu'
host_vendor='pc'
htmldir='${docdir}'
includedir='${prefix}/include'
infodir='${datarootdir}/info'
install_sh='${SHELL} /home/ubuntu/code/autotools/templates/templates/recursive_output_directory/install-sh'
libdir='${exec_prefix}/lib'
libexecdir='${exec_prefix}/libexec'
localedir='${datarootdir}/locale'
localstatedir='${prefix}/var'
mandir='${datarootdir}/man'
mkdir_p='/bin/mkdir -p'
oldincludedir='/usr/include'
pdfdir='${docdir}'
prefix='/usr/local'
program_transform_name='s,x,x,'
psdir='${docdir}'
sbindir='${exec_prefix}/sbin'
sharedstatedir='${prefix}/com'
sysconfdir='${prefix}/etc'
target_alias=''

## ----------- ##
## confdefs.h. ##
## ----------- ##

/* confdefs.h */
#define PACKAGE_NAME "FULL-PACKAGE-NAME"
#define PACKAGE_TARNAME "full-package-name"
#define PACKAGE_VERSION "VERSION"
#define PACKAGE_STRING "FULL-PACKAGE-NAME VERSION"
#define PACKAGE_BUGREPORT "BUG-REPORT-ADDRESS"
#define PACKAGE_URL ""
#define PACKAGE "full-package-name"
#define VERSION "VERSION"
#define STDC_HEADERS 1
#define HAVE_SYS_TYPES_H 1
#define HAVE_SYS_STAT_H 1
#define HAVE_STDLIB_H 1
#define HAVE_STRING_H 1
#define HAVE_MEMORY_H 1
#define HAVE_STRINGS_H 1
#define HAVE_INTTYPES_H 1
#define HAVE_STDINT_H 1
#define HAVE_UNISTD_H 1
#define HAVE_DLFCN_H 1
#define LT_OBJDIR ".libs/"

configure: exit 0

## ---------------------- ##
## Running config.status. ##
## ---------------------- ##

This file was extended by FULL-PACKAGE-NAME config.status VERSION, which was
generated by GNU Autoconf 2.69.  Invocation command line was

  CONFIG_FILES    = 
  CONFIG_HEADERS  = 
  CONFIG_LINKS    = 
  CONFIG_COMMANDS = 
  $ ./config.status 

on ubuntu

config.status:1143: creating Makefile
config.status:1143: creating libCube/Makefile
config.status:1143: creating testCube/Makefile
config.status:1143: creating config.h
config.status:1324: config.h is unchanged
config.status:1372: executing depfiles commands
config.status:1372: executing libtool commands
